[2020-10-21T14:48:52.336Z][[32minfo[39m] info
[2020-10-21T14:48:52.337Z][[33mwarn[39m] this is warn
[2020-10-21T14:50:33.006Z][[32minfo[39m] info
[2020-10-21T14:50:33.008Z][[33mwarn[39m] this is warn
[2020-10-21T15:06:14.512Z][[32minfo[39m] info
[2020-10-21T15:06:14.513Z][[33mwarn[39m] this is warn
[2020-10-21T15:07:01.673Z][[32minfo[39m] info
[2020-10-21T15:07:01.675Z][[33mwarn[39m] this is warn
[2020-10-21T15:07:41.431Z][[32minfo[39m] info
[2020-10-21T15:07:41.432Z][[33mwarn[39m] this is warn
[2020-10-21T15:07:41.467Z][[32minfo[39m] DB scs_db
[2020-10-21T15:08:07.089Z][[32minfo[39m] DB scs_db
[2020-10-21T15:09:01.008Z][[32minfo[39m] DB scs_db
[2020-10-22T11:20:10.502Z][[32minfo[39m] DB scs_db
[2020-10-22T11:20:27.757Z][[32minfo[39m] [32mDB scs_db[39m
[32m[2020-10-22T11:22:33.057Z][info] DB scs_db[39m
[32m[2020-10-25T18:19:29.354Z][info] DB scs_db[39m
[32m[2020-10-25T21:07:09.474Z][info] DB scs_db[39m
[32m[2020-10-25T21:07:31.964Z][info] DB scs_db[39m
[32m[2020-10-25T21:08:11.610Z][info] DB scs_db[39m
[32m[2020-10-25T21:08:31.354Z][info] DB scs_db[39m
[32m[2020-10-25T21:10:33.762Z][info] DB scs_db[39m
[32m[2020-10-25T21:52:25.990Z][info] DB scs_db[39m
[32m[2020-10-25T21:52:43.557Z][info] DB scs_db[39m
[32m[2020-10-25T21:53:04.720Z][info] DB scs_db[39m
[32m[2020-10-25T21:53:25.391Z][info] DB scs_db[39m
[32m[2020-10-25T21:53:48.179Z][info] DB scs_db[39m
[32m[2020-10-25T21:55:17.295Z][info] DB scs_db[39m
[32m[2020-10-25T21:56:03.199Z][info] DB scs_db[39m
[32m[2020-10-25T21:57:24.402Z][info] DB scs_db[39m
[32m[2020-10-25T21:58:52.564Z][info] DB scs_db[39m
[32m[2020-10-25T21:59:24.723Z][info] DB scs_db[39m
[32m[2020-10-25T22:03:35.735Z][info] DB scs_db[39m
[32m[2020-10-25T22:04:10.854Z][info] DB scs_db[39m
[32m[2020-10-25T22:05:33.522Z][info] DB scs_db[39m
[32m[2020-10-25T22:07:48.926Z][info] DB scs_db[39m
[32m[2020-10-25T22:20:08.463Z][info] DB scs_db[39m
[32m[2020-10-25T22:21:51.750Z][info] DB scs_db[39m
[32m[2020-10-25T22:22:35.414Z][info] DB scs_db[39m
[31m[2020-10-25T22:23:45.403Z][error] DB connecting error SequelizeAccessDeniedError: Access denied for user ''@'localhost' (using password: NO)[39m
[31m[2020-10-25T22:24:23.542Z][error] DB connecting error SequelizeAccessDeniedError: Access denied for user ''@'localhost' (using password: NO)[39m
[31m[2020-10-25T22:25:10.273Z][error] DB connecting error SequelizeAccessDeniedError: Access denied for user ''@'localhost' (using password: NO)[39m
[32m[2020-10-25T22:35:49.357Z][info] [object SequelizeInstance:Command][39m
[32m[2020-10-25T22:37:19.281Z][info] [object Object][39m
[32m[2020-10-28T19:46:02.245Z][info] eyJhbGciOiJIUzI1NiIsInR5cCI6IkpXVCJ9.eyJkYXRhIjoxLCJyb2xlSWQiOjIsImlhdCI6MTYwMzkxNDM2MiwiZXhwIjoxNjA0MDAwNzYyfQ.hGHUxqwzLRfq5R14mfC3wvcBLesEpyrL4BEokJEhDEo[39m
[33m[2020-10-28T19:46:18.700Z][warn] eyJhbGciOiJIUzI1NiIsInR5cCI6IkpXVCJ9.eyJkYXRhIjoxLCJyb2xlSWQiOjIsImlhdCI6MTYwMzkxNDM3OCwiZXhwIjoxNjA0MDAwNzc4fQ.PG_muim17UdT22HueIO9ZAeJKSFClpDcgmrgJmhrXBE[39m
[31m[2020-10-28T19:46:26.282Z][error] eyJhbGciOiJIUzI1NiIsInR5cCI6IkpXVCJ9.eyJkYXRhIjoxLCJyb2xlSWQiOjIsImlhdCI6MTYwMzkxNDM4NiwiZXhwIjoxNjA0MDAwNzg2fQ.ubtM1YRASSBXxJmoM3V8zii9GVM3pj65Fx133HYJssw[39m
[32m[2020-10-28T19:46:35.661Z][info] eyJhbGciOiJIUzI1NiIsInR5cCI6IkpXVCJ9.eyJkYXRhIjoxLCJyb2xlSWQiOjIsImlhdCI6MTYwMzkxNDM5NSwiZXhwIjoxNjA0MDAwNzk1fQ.xV50CyXIMQMfqYskLJD-Pxl_o6fL8fH3I-7lg2sCJaM[39m
[32m[2020-10-28T19:46:40.921Z][info] eyJhbGciOiJIUzI1NiIsInR5cCI6IkpXVCJ9.eyJkYXRhIjoxLCJyb2xlSWQiOjIsImlhdCI6MTYwMzkxNDQwMCwiZXhwIjoxNjA0MDAwODAwfQ.KlntFNmTpD5NwZ77fZZypYmmfkGBv7Cdik3oLxCZZ_g[39m
[32m[2020-10-28T19:47:15.523Z][info] 1[39m
[32m[2020-10-28T19:47:54.484Z][info] eyJhbGciOiJIUzI1NiIsInR5cCI6IkpXVCJ9.eyJkYXRhIjoxLCJyb2xlSWQiOjIsImlhdCI6MTYwMzkxNDQ3NCwiZXhwIjoxNjA0MDAwODc0fQ.cHhApJYqOm-y_a4LCFCgB_vdWHUKkdPKTeA1Mx_iUs4[39m
[32m[2020-10-28T19:47:54.488Z][info] 1[39m
[32m[2020-10-28T19:48:27.173Z][info] eyJhbGciOiJIUzI1NiIsInR5cCI6IkpXVCJ9.eyJkYXRhIjoxLCJyb2xlSWQiOjIsImlhdCI6MTYwMzkxNDUwNywiZXhwIjoxNjA0MDAwOTA3fQ.2Z44ly3pvIJNbGeho2os7sFLUxfkFV_iqSrsE0r2v-s[39m
[32m[2020-10-28T19:48:38.700Z][info] eyJhbGciOiJIUzI1NiIsInR5cCI6IkpXVCJ9.eyJkYXRhIjoxLCJyb2xlSWQiOjIsImlhdCI6MTYwMzkxNDUxOCwiZXhwIjoxNjA0MDAwOTE4fQ.FUJjsiaw3UBCDXCch6J5YktWrjFGVjA2dy8Fzx6xu-U[39m
[32m[2020-10-28T19:48:54.912Z][info] 1[39m
[32m[2020-10-28T19:49:01.007Z][info] 1[39m
[32m[2020-10-28T19:51:32.483Z][info] [object Object][39m
